<?xml version="1.0" encoding="UTF-8"?>
<!-- Generated by org.testng.reporters.JUnitReportReporter -->
<testsuite skipped="0" hostname="DESKTOP-GHD7SM5" name="TestScripts.Verify_Test" tests="1" failures="0" timestamp="21 Sep 2024 09:37:46 GMT" time="6.641" errors="0">
  <testcase name="Test" time="6.641" classname="TestScripts.Verify_Test"/>
</testsuite> <!-- TestScripts.Verify_Test -->
